2022-05-13 13:13:02.185  INFO 21736 --- [restartedMain] ootRedisHmdpLoginBasedOnRedisApplication : Starting SpringBootRedisHmdpLoginBasedOnRedisApplication using Java 16.0.2 on mao with PID 21736 (H:\程序\大三下期\spring_boot_redis_hmdp_基于redis实现短信登录\target\classes started by mao in H:\程序\大三下期\spring_boot_redis_hmdp_基于redis实现短信登录)
2022-05-13 13:13:02.186 DEBUG 21736 --- [restartedMain] ootRedisHmdpLoginBasedOnRedisApplication : Running with Spring Boot v2.6.7, Spring v5.3.19
2022-05-13 13:13:02.186  INFO 21736 --- [restartedMain] ootRedisHmdpLoginBasedOnRedisApplication : The following 1 profile is active: "dev"
2022-05-13 13:13:02.220  INFO 21736 --- [restartedMain] .e.DevToolsPropertyDefaultsPostProcessor : Devtools property defaults active! Set 'spring.devtools.add-properties' to 'false' to disable
2022-05-13 13:13:02.221  INFO 21736 --- [restartedMain] .e.DevToolsPropertyDefaultsPostProcessor : For additional web related logging consider setting the 'logging.level.web' property to 'DEBUG'
2022-05-13 13:13:02.835  INFO 21736 --- [restartedMain] .s.d.r.c.RepositoryConfigurationDelegate : Multiple Spring Data modules found, entering strict repository configuration mode!
2022-05-13 13:13:02.837  INFO 21736 --- [restartedMain] .s.d.r.c.RepositoryConfigurationDelegate : Bootstrapping Spring Data Redis repositories in DEFAULT mode.
2022-05-13 13:13:02.865  INFO 21736 --- [restartedMain] .s.d.r.c.RepositoryConfigurationDelegate : Finished Spring Data repository scanning in 14 ms. Found 0 Redis repository interfaces.
2022-05-13 13:13:03.313  INFO 21736 --- [restartedMain] o.s.b.w.embedded.tomcat.TomcatWebServer  : Tomcat initialized with port(s): 8081 (http)
2022-05-13 13:13:03.319  INFO 21736 --- [restartedMain] o.apache.catalina.core.StandardService   : Starting service [Tomcat]
2022-05-13 13:13:03.320  INFO 21736 --- [restartedMain] org.apache.catalina.core.StandardEngine  : Starting Servlet engine: [Apache Tomcat/9.0.62]
2022-05-13 13:13:03.379  INFO 21736 --- [restartedMain] o.a.c.c.C.[Tomcat].[localhost].[/]       : Initializing Spring embedded WebApplicationContext
2022-05-13 13:13:03.379  INFO 21736 --- [restartedMain] w.s.c.ServletWebServerApplicationContext : Root WebApplicationContext: initialization completed in 1158 ms
2022-05-13 13:13:03.454  INFO 21736 --- [restartedMain] c.a.d.s.b.a.DruidDataSourceAutoConfigure : Init DruidDataSource
2022-05-13 13:13:03.548  INFO 21736 --- [restartedMain] com.alibaba.druid.pool.DruidDataSource   : {dataSource-1} inited
2022-05-13 13:13:04.535  INFO 21736 --- [restartedMain] o.s.b.d.a.OptionalLiveReloadServer       : LiveReload server is running on port 35729
2022-05-13 13:13:04.578  INFO 21736 --- [restartedMain] o.s.b.w.embedded.tomcat.TomcatWebServer  : Tomcat started on port(s): 8081 (http) with context path ''
2022-05-13 13:13:04.589  INFO 21736 --- [restartedMain] ootRedisHmdpLoginBasedOnRedisApplication : Started SpringBootRedisHmdpLoginBasedOnRedisApplication in 2.736 seconds (JVM running for 3.565)
2022-05-13 13:13:11.647  INFO 21736 --- [SpringApplicationShutdownHook] com.alibaba.druid.pool.DruidDataSource   : {dataSource-1} closing ...
2022-05-13 13:13:11.648  INFO 21736 --- [SpringApplicationShutdownHook] com.alibaba.druid.pool.DruidDataSource   : {dataSource-1} closed
2022-05-13 13:14:11.371  INFO 10748 --- [restartedMain] ootRedisHmdpLoginBasedOnRedisApplication : Starting SpringBootRedisHmdpLoginBasedOnRedisApplication using Java 16.0.2 on mao with PID 10748 (H:\程序\大三下期\spring_boot_redis_hmdp_基于redis实现短信登录\target\classes started by mao in H:\程序\大三下期\spring_boot_redis_hmdp_基于redis实现短信登录)
2022-05-13 13:14:11.372 DEBUG 10748 --- [restartedMain] ootRedisHmdpLoginBasedOnRedisApplication : Running with Spring Boot v2.6.7, Spring v5.3.19
2022-05-13 13:14:11.373  INFO 10748 --- [restartedMain] ootRedisHmdpLoginBasedOnRedisApplication : The following 1 profile is active: "dev"
2022-05-13 13:14:11.404  INFO 10748 --- [restartedMain] .e.DevToolsPropertyDefaultsPostProcessor : Devtools property defaults active! Set 'spring.devtools.add-properties' to 'false' to disable
2022-05-13 13:14:11.405  INFO 10748 --- [restartedMain] .e.DevToolsPropertyDefaultsPostProcessor : For additional web related logging consider setting the 'logging.level.web' property to 'DEBUG'
2022-05-13 13:14:11.892  INFO 10748 --- [restartedMain] .s.d.r.c.RepositoryConfigurationDelegate : Multiple Spring Data modules found, entering strict repository configuration mode!
2022-05-13 13:14:11.894  INFO 10748 --- [restartedMain] .s.d.r.c.RepositoryConfigurationDelegate : Bootstrapping Spring Data Redis repositories in DEFAULT mode.
2022-05-13 13:14:11.915  INFO 10748 --- [restartedMain] .s.d.r.c.RepositoryConfigurationDelegate : Finished Spring Data repository scanning in 11 ms. Found 0 Redis repository interfaces.
2022-05-13 13:14:12.345  INFO 10748 --- [restartedMain] o.s.b.w.embedded.tomcat.TomcatWebServer  : Tomcat initialized with port(s): 8081 (http)
2022-05-13 13:14:12.351  INFO 10748 --- [restartedMain] o.apache.catalina.core.StandardService   : Starting service [Tomcat]
2022-05-13 13:14:12.352  INFO 10748 --- [restartedMain] org.apache.catalina.core.StandardEngine  : Starting Servlet engine: [Apache Tomcat/9.0.62]
2022-05-13 13:14:12.409  INFO 10748 --- [restartedMain] o.a.c.c.C.[Tomcat].[localhost].[/]       : Initializing Spring embedded WebApplicationContext
2022-05-13 13:14:12.409  INFO 10748 --- [restartedMain] w.s.c.ServletWebServerApplicationContext : Root WebApplicationContext: initialization completed in 1004 ms
2022-05-13 13:14:12.482  INFO 10748 --- [restartedMain] c.a.d.s.b.a.DruidDataSourceAutoConfigure : Init DruidDataSource
2022-05-13 13:14:12.576  INFO 10748 --- [restartedMain] com.alibaba.druid.pool.DruidDataSource   : {dataSource-1} inited
2022-05-13 13:14:13.557  INFO 10748 --- [restartedMain] o.s.b.d.a.OptionalLiveReloadServer       : LiveReload server is running on port 35729
2022-05-13 13:14:13.599  INFO 10748 --- [restartedMain] o.s.b.w.embedded.tomcat.TomcatWebServer  : Tomcat started on port(s): 8081 (http) with context path ''
2022-05-13 13:14:13.608  INFO 10748 --- [restartedMain] ootRedisHmdpLoginBasedOnRedisApplication : Started SpringBootRedisHmdpLoginBasedOnRedisApplication in 2.559 seconds (JVM running for 3.093)
2022-05-13 13:14:20.824  INFO 10748 --- [SpringApplicationShutdownHook] com.alibaba.druid.pool.DruidDataSource   : {dataSource-1} closing ...
2022-05-13 13:14:20.825  INFO 10748 --- [SpringApplicationShutdownHook] com.alibaba.druid.pool.DruidDataSource   : {dataSource-1} closed
2022-05-13 13:34:19.278  INFO 10932 --- [restartedMain] ootRedisHmdpLoginBasedOnRedisApplication : Starting SpringBootRedisHmdpLoginBasedOnRedisApplication using Java 16.0.2 on mao with PID 10932 (H:\程序\大三下期\spring_boot_redis_hmdp_基于redis实现短信登录\target\classes started by mao in H:\程序\大三下期\spring_boot_redis_hmdp_基于redis实现短信登录)
2022-05-13 13:34:19.279 DEBUG 10932 --- [restartedMain] ootRedisHmdpLoginBasedOnRedisApplication : Running with Spring Boot v2.6.7, Spring v5.3.19
2022-05-13 13:34:19.279  INFO 10932 --- [restartedMain] ootRedisHmdpLoginBasedOnRedisApplication : The following 1 profile is active: "dev"
2022-05-13 13:34:19.311  INFO 10932 --- [restartedMain] .e.DevToolsPropertyDefaultsPostProcessor : Devtools property defaults active! Set 'spring.devtools.add-properties' to 'false' to disable
2022-05-13 13:34:19.312  INFO 10932 --- [restartedMain] .e.DevToolsPropertyDefaultsPostProcessor : For additional web related logging consider setting the 'logging.level.web' property to 'DEBUG'
2022-05-13 13:34:19.809  INFO 10932 --- [restartedMain] .s.d.r.c.RepositoryConfigurationDelegate : Multiple Spring Data modules found, entering strict repository configuration mode!
2022-05-13 13:34:19.811  INFO 10932 --- [restartedMain] .s.d.r.c.RepositoryConfigurationDelegate : Bootstrapping Spring Data Redis repositories in DEFAULT mode.
2022-05-13 13:34:19.834  INFO 10932 --- [restartedMain] .s.d.r.c.RepositoryConfigurationDelegate : Finished Spring Data repository scanning in 12 ms. Found 0 Redis repository interfaces.
2022-05-13 13:34:20.279  INFO 10932 --- [restartedMain] o.s.b.w.embedded.tomcat.TomcatWebServer  : Tomcat initialized with port(s): 8081 (http)
2022-05-13 13:34:20.286  INFO 10932 --- [restartedMain] o.apache.catalina.core.StandardService   : Starting service [Tomcat]
2022-05-13 13:34:20.287  INFO 10932 --- [restartedMain] org.apache.catalina.core.StandardEngine  : Starting Servlet engine: [Apache Tomcat/9.0.62]
2022-05-13 13:34:20.351  INFO 10932 --- [restartedMain] o.a.c.c.C.[Tomcat].[localhost].[/]       : Initializing Spring embedded WebApplicationContext
2022-05-13 13:34:20.352  INFO 10932 --- [restartedMain] w.s.c.ServletWebServerApplicationContext : Root WebApplicationContext: initialization completed in 1040 ms
2022-05-13 13:34:20.430  INFO 10932 --- [restartedMain] c.a.d.s.b.a.DruidDataSourceAutoConfigure : Init DruidDataSource
2022-05-13 13:34:20.525  INFO 10932 --- [restartedMain] com.alibaba.druid.pool.DruidDataSource   : {dataSource-1} inited
2022-05-13 13:34:21.486  INFO 10932 --- [restartedMain] o.s.b.d.a.OptionalLiveReloadServer       : LiveReload server is running on port 35729
2022-05-13 13:34:21.530  INFO 10932 --- [restartedMain] o.s.b.w.embedded.tomcat.TomcatWebServer  : Tomcat started on port(s): 8081 (http) with context path ''
2022-05-13 13:34:21.540  INFO 10932 --- [restartedMain] ootRedisHmdpLoginBasedOnRedisApplication : Started SpringBootRedisHmdpLoginBasedOnRedisApplication in 2.617 seconds (JVM running for 3.251)
2022-05-13 13:34:32.363  INFO 10932 --- [SpringApplicationShutdownHook] com.alibaba.druid.pool.DruidDataSource   : {dataSource-1} closing ...
2022-05-13 13:34:32.364  INFO 10932 --- [SpringApplicationShutdownHook] com.alibaba.druid.pool.DruidDataSource   : {dataSource-1} closed
